# JRE version: Java(TM) SE Runtime Environment (8.0_05-b13) (build 1.8.0_05-b13)
# Java VM: Java HotSpot(TM) 64-Bit Server VM (25.5-b02 mixed mode bsd-amd64 compressed oops)
Heap:
 PSYoungGen      total 15360K, used 7816K [0x0000000168380000, 0x0000000169780000, 0x0000000192e00000)
  eden space 10240K, 56% used [0x0000000168380000,0x000000016891bb08,0x0000000168d80000)
  from space 5120K, 40% used [0x0000000169280000,0x0000000169486560,0x0000000169780000)
  to   space 5120K, 0% used [0x0000000168d80000,0x0000000168d80000,0x0000000169280000)
 ParOldGen       total 129536K, used 10524K [0x0000000112e00000, 0x000000011ac80000, 0x0000000168380000)
  object space 129536K, 8% used [0x0000000112e00000,0x00000001138472e0,0x000000011ac80000)
 Metaspace       used 9179K, capacity 9349K, committed 9472K, reserved 1058816K
  class space    used 970K, capacity 1021K, committed 1024K, reserved 1048576K
GC Heap History (10 events):
Event: 0.606 GC heap before
{Heap before GC invocations=6 (full 0):
 PSYoungGen      total 2560K, used 2559K [0x0000000168380000, 0x0000000168a80000, 0x0000000192e00000)
  eden space 2048K, 100% used [0x0000000168380000,0x0000000168580000,0x0000000168580000)
  from space 512K, 99% used [0x0000000168580000,0x00000001685ffc10,0x0000000168600000)
  to   space 1536K, 0% used [0x0000000168900000,0x0000000168900000,0x0000000168a80000)
 ParOldGen       total 129536K, used 1106K [0x0000000112e00000, 0x000000011ac80000, 0x0000000168380000)
  object space 129536K, 0% used [0x0000000112e00000,0x0000000112f14918,0x000000011ac80000)
 Metaspace       used 6297K, capacity 6423K, committed 6656K, reserved 1056768K
  class space    used 638K, capacity 690K, committed 768K, reserved 1048576K
Event: 0.608 GC heap after
Heap after GC invocations=6 (full 0):
 PSYoungGen      total 5632K, used 999K [0x0000000168380000, 0x0000000168a80000, 0x0000000192e00000)
  eden space 4096K, 0% used [0x0000000168380000,0x0000000168380000,0x0000000168780000)
  from space 1536K, 65% used [0x0000000168900000,0x00000001689f9dc8,0x0000000168a80000)
  to   space 1536K, 0% used [0x0000000168780000,0x0000000168780000,0x0000000168900000)
 ParOldGen       total 129536K, used 1114K [0x0000000112e00000, 0x000000011ac80000, 0x0000000168380000)
  object space 129536K, 0% used [0x0000000112e00000,0x0000000112f16918,0x000000011ac80000)
 Metaspace       used 6297K, capacity 6423K, committed 6656K, reserved 1056768K
  class space    used 638K, capacity 690K, committed 768K, reserved 1048576K
}
Event: 1.115 GC heap before
{Heap before GC invocations=7 (full 0):
 PSYoungGen      total 5632K, used 5095K [0x0000000168380000, 0x0000000168a80000, 0x0000000192e00000)
  eden space 4096K, 100% used [0x0000000168380000,0x0000000168780000,0x0000000168780000)
  from space 1536K, 65% used [0x0000000168900000,0x00000001689f9dc8,0x0000000168a80000)
  to   space 1536K, 0% used [0x0000000168780000,0x0000000168780000,0x0000000168900000)
 ParOldGen       total 129536K, used 1114K [0x0000000112e00000, 0x000000011ac80000, 0x0000000168380000)
  object space 129536K, 0% used [0x0000000112e00000,0x0000000112f16918,0x000000011ac80000)
 Metaspace       used 6605K, capacity 6723K, committed 6912K, reserved 1056768K
  class space    used 674K, capacity 724K, committed 768K, reserved 1048576K
Event: 1.122 GC heap after
Heap after GC invocations=7 (full 0):
 PSYoungGen      total 5632K, used 1526K [0x0000000168380000, 0x0000000169080000, 0x0000000192e00000)
  eden space 4096K, 0% used [0x0000000168380000,0x0000000168380000,0x0000000168780000)
  from space 1536K, 99% used [0x0000000168780000,0x00000001688fd858,0x0000000168900000)
  to   space 2560K, 0% used [0x0000000168e00000,0x0000000168e00000,0x0000000169080000)
 ParOldGen       total 129536K, used 2782K [0x0000000112e00000, 0x000000011ac80000, 0x0000000168380000)
  object space 129536K, 2% used [0x0000000112e00000,0x00000001130b7848,0x000000011ac80000)
 Metaspace       used 6605K, capacity 6723K, committed 6912K, reserved 1056768K
  class space    used 674K, capacity 724K, committed 768K, reserved 1048576K
}
Event: 1.339 GC heap before
{Heap before GC invocations=8 (full 0):
 PSYoungGen      total 5632K, used 5622K [0x0000000168380000, 0x0000000169080000, 0x0000000192e00000)
  eden space 4096K, 100% used [0x0000000168380000,0x0000000168780000,0x0000000168780000)
  from space 1536K, 99% used [0x0000000168780000,0x00000001688fd858,0x0000000168900000)
  to   space 2560K, 0% used [0x0000000168e00000,0x0000000168e00000,0x0000000169080000)
 ParOldGen       total 129536K, used 2782K [0x0000000112e00000, 0x000000011ac80000, 0x0000000168380000)
  object space 129536K, 2% used [0x0000000112e00000,0x00000001130b7848,0x000000011ac80000)
 Metaspace       used 9028K, capacity 9221K, committed 9472K, reserved 1058816K
  class space    used 966K, capacity 1021K, committed 1024K, reserved 1048576K
Event: 1.343 GC heap after
Heap after GC invocations=8 (full 0):
 PSYoungGen      total 8704K, used 2548K [0x0000000168380000, 0x0000000169480000, 0x0000000192e00000)
  eden space 6144K, 0% used [0x0000000168380000,0x0000000168380000,0x0000000168980000)
  from space 2560K, 99% used [0x0000000168e00000,0x000000016907d308,0x0000000169080000)
  to   space 4608K, 0% used [0x0000000168980000,0x0000000168980000,0x0000000168e00000)
 ParOldGen       total 129536K, used 5894K [0x0000000112e00000, 0x000000011ac80000, 0x0000000168380000)
  object space 129536K, 4% used [0x0000000112e00000,0x00000001133c1a60,0x000000011ac80000)
 Metaspace       used 9028K, capacity 9221K, committed 9472K, reserved 1058816K
  class space    used 966K, capacity 1021K, committed 1024K, reserved 1048576K
}
Event: 1.397 GC heap before
{Heap before GC invocations=9 (full 0):
 PSYoungGen      total 8704K, used 8692K [0x0000000168380000, 0x0000000169480000, 0x0000000192e00000)
  eden space 6144K, 100% used [0x0000000168380000,0x0000000168980000,0x0000000168980000)
  from space 2560K, 99% used [0x0000000168e00000,0x000000016907d308,0x0000000169080000)
  to   space 4608K, 0% used [0x0000000168980000,0x0000000168980000,0x0000000168e00000)
 ParOldGen       total 129536K, used 5894K [0x0000000112e00000, 0x000000011ac80000, 0x0000000168380000)
  object space 129536K, 4% used [0x0000000112e00000,0x00000001133c1a60,0x000000011ac80000)
 Metaspace       used 9040K, capacity 9285K, committed 9472K, reserved 1058816K
  class space    used 966K, capacity 1021K, committed 1024K, reserved 1048576K
Event: 1.400 GC heap after
Heap after GC invocations=9 (full 0):
 PSYoungGen      total 10752K, used 4318K [0x0000000168380000, 0x0000000169780000, 0x0000000192e00000)
  eden space 6144K, 0% used [0x0000000168380000,0x0000000168380000,0x0000000168980000)
  from space 4608K, 93% used [0x0000000168980000,0x0000000168db7ad0,0x0000000168e00000)
  to   space 5120K, 0% used [0x0000000169280000,0x0000000169280000,0x0000000169780000)
 ParOldGen       total 129536K, used 6247K [0x0000000112e00000, 0x000000011ac80000, 0x0000000168380000)
  object space 129536K, 4% used [0x0000000112e00000,0x0000000113419f98,0x000000011ac80000)
 Metaspace       used 9040K, capacity 9285K, committed 9472K, reserved 1058816K
  class space    used 966K, capacity 1021K, committed 1024K, reserved 1048576K
}
Event: 1.438 GC heap before
{Heap before GC invocations=10 (full 0):
 PSYoungGen      total 10752K, used 10462K [0x0000000168380000, 0x0000000169780000, 0x0000000192e00000)
  eden space 6144K, 100% used [0x0000000168380000,0x0000000168980000,0x0000000168980000)
  from space 4608K, 93% used [0x0000000168980000,0x0000000168db7ad0,0x0000000168e00000)
  to   space 5120K, 0% used [0x0000000169280000,0x0000000169280000,0x0000000169780000)
 ParOldGen       total 129536K, used 6247K [0x0000000112e00000, 0x000000011ac80000, 0x0000000168380000)
  object space 129536K, 4% used [0x0000000112e00000,0x0000000113419f98,0x000000011ac80000)
 Metaspace       used 9062K, capacity 9285K, committed 9472K, reserved 1058816K
  class space    used 967K, capacity 1021K, committed 1024K, reserved 1048576K
Event: 1.443 GC heap after
Heap after GC invocations=10 (full 0):
 PSYoungGen      total 15360K, used 2073K [0x0000000168380000, 0x0000000169780000, 0x0000000192e00000)
  eden space 10240K, 0% used [0x0000000168380000,0x0000000168380000,0x0000000168d80000)
  from space 5120K, 40% used [0x0000000169280000,0x0000000169486560,0x0000000169780000)
  to   space 5120K, 0% used [0x0000000168d80000,0x0000000168d80000,0x0000000169280000)
 ParOldGen       total 129536K, used 10524K [0x0000000112e00000, 0x000000011ac80000, 0x0000000168380000)
  object space 129536K, 8% used [0x0000000112e00000,0x00000001138472e0,0x000000011ac80000)
 Metaspace       used 9062K, capacity 9285K, committed 9472K, reserved 1058816K
  class space    used 967K, capacity 1021K, committed 1024K, reserved 1048576K
}

