# JRE version: Java(TM) SE Runtime Environment (8.0_05-b13) (build 1.8.0_05-b13)
# Java VM: Java HotSpot(TM) 64-Bit Server VM (25.5-b02 mixed mode bsd-amd64 compressed oops)
Heap:
 PSYoungGen      total 11776K, used 10585K [0x0000000795580000, 0x0000000796680000, 0x00000007c0000000)
  eden space 7680K, 85% used [0x0000000795580000,0x0000000795be9cf8,0x0000000795d00000)
  from space 4096K, 98% used [0x0000000796180000,0x000000079656cac0,0x0000000796580000)
  to   space 4608K, 0% used [0x0000000795d00000,0x0000000795d00000,0x0000000796180000)
 ParOldGen       total 129536K, used 12052K [0x0000000740000000, 0x0000000747e80000, 0x0000000795580000)
  object space 129536K, 9% used [0x0000000740000000,0x0000000740bc50c0,0x0000000747e80000)
 Metaspace       used 9160K, capacity 9349K, committed 9472K, reserved 1058816K
  class space    used 974K, capacity 1021K, committed 1024K, reserved 1048576K
GC Heap History (10 events):
Event: 0.828 GC heap before
{Heap before GC invocations=8 (full 0):
 PSYoungGen      total 3072K, used 3040K [0x0000000795580000, 0x0000000795c80000, 0x00000007c0000000)
  eden space 2048K, 100% used [0x0000000795580000,0x0000000795780000,0x0000000795780000)
  from space 1024K, 96% used [0x0000000795780000,0x0000000795878000,0x0000000795880000)
  to   space 1536K, 0% used [0x0000000795b00000,0x0000000795b00000,0x0000000795c80000)
 ParOldGen       total 129536K, used 869K [0x0000000740000000, 0x0000000747e80000, 0x0000000795580000)
  object space 129536K, 0% used [0x0000000740000000,0x00000007400d9750,0x0000000747e80000)
 Metaspace       used 6443K, capacity 6487K, committed 6656K, reserved 1056768K
  class space    used 659K, capacity 690K, committed 768K, reserved 1048576K
Event: 0.830 GC heap after
Heap after GC invocations=8 (full 0):
 PSYoungGen      total 5632K, used 1256K [0x0000000795580000, 0x0000000795c80000, 0x00000007c0000000)
  eden space 4096K, 0% used [0x0000000795580000,0x0000000795580000,0x0000000795980000)
  from space 1536K, 81% used [0x0000000795b00000,0x0000000795c3a148,0x0000000795c80000)
  to   space 1536K, 0% used [0x0000000795980000,0x0000000795980000,0x0000000795b00000)
 ParOldGen       total 129536K, used 917K [0x0000000740000000, 0x0000000747e80000, 0x0000000795580000)
  object space 129536K, 0% used [0x0000000740000000,0x00000007400e5750,0x0000000747e80000)
 Metaspace       used 6443K, capacity 6487K, committed 6656K, reserved 1056768K
  class space    used 659K, capacity 690K, committed 768K, reserved 1048576K
}
Event: 1.305 GC heap before
{Heap before GC invocations=9 (full 0):
 PSYoungGen      total 5632K, used 5352K [0x0000000795580000, 0x0000000795c80000, 0x00000007c0000000)
  eden space 4096K, 100% used [0x0000000795580000,0x0000000795980000,0x0000000795980000)
  from space 1536K, 81% used [0x0000000795b00000,0x0000000795c3a148,0x0000000795c80000)
  to   space 1536K, 0% used [0x0000000795980000,0x0000000795980000,0x0000000795b00000)
 ParOldGen       total 129536K, used 917K [0x0000000740000000, 0x0000000747e80000, 0x0000000795580000)
  object space 129536K, 0% used [0x0000000740000000,0x00000007400e5750,0x0000000747e80000)
 Metaspace       used 6617K, capacity 6723K, committed 6912K, reserved 1056768K
  class space    used 678K, capacity 724K, committed 768K, reserved 1048576K
Event: 1.310 GC heap after
Heap after GC invocations=9 (full 0):
 PSYoungGen      total 5632K, used 1522K [0x0000000795580000, 0x0000000796100000, 0x00000007c0000000)
  eden space 4096K, 0% used [0x0000000795580000,0x0000000795580000,0x0000000795980000)
  from space 1536K, 99% used [0x0000000795980000,0x0000000795afc8f0,0x0000000795b00000)
  to   space 2560K, 0% used [0x0000000795e80000,0x0000000795e80000,0x0000000796100000)
 ParOldGen       total 129536K, used 3061K [0x0000000740000000, 0x0000000747e80000, 0x0000000795580000)
  object space 129536K, 2% used [0x0000000740000000,0x00000007402fd528,0x0000000747e80000)
 Metaspace       used 6617K, capacity 6723K, committed 6912K, reserved 1056768K
  class space    used 678K, capacity 724K, committed 768K, reserved 1048576K
}
Event: 1.628 GC heap before
{Heap before GC invocations=10 (full 0):
 PSYoungGen      total 5632K, used 5618K [0x0000000795580000, 0x0000000796100000, 0x00000007c0000000)
  eden space 4096K, 100% used [0x0000000795580000,0x0000000795980000,0x0000000795980000)
  from space 1536K, 99% used [0x0000000795980000,0x0000000795afc8f0,0x0000000795b00000)
  to   space 2560K, 0% used [0x0000000795e80000,0x0000000795e80000,0x0000000796100000)
 ParOldGen       total 129536K, used 3061K [0x0000000740000000, 0x0000000747e80000, 0x0000000795580000)
  object space 129536K, 2% used [0x0000000740000000,0x00000007402fd528,0x0000000747e80000)
 Metaspace       used 9033K, capacity 9285K, committed 9472K, reserved 1058816K
  class space    used 969K, capacity 1021K, committed 1024K, reserved 1048576K
Event: 1.633 GC heap after
Heap after GC invocations=10 (full 0):
 PSYoungGen      total 7680K, used 2558K [0x0000000795580000, 0x0000000796400000, 0x00000007c0000000)
  eden space 5120K, 0% used [0x0000000795580000,0x0000000795580000,0x0000000795a80000)
  from space 2560K, 99% used [0x0000000795e80000,0x00000007960ffac0,0x0000000796100000)
  to   space 4096K, 0% used [0x0000000795a80000,0x0000000795a80000,0x0000000795e80000)
 ParOldGen       total 129536K, used 5519K [0x0000000740000000, 0x0000000747e80000, 0x0000000795580000)
  object space 129536K, 4% used [0x0000000740000000,0x0000000740563da0,0x0000000747e80000)
 Metaspace       used 9033K, capacity 9285K, committed 9472K, reserved 1058816K
  class space    used 969K, capacity 1021K, committed 1024K, reserved 1048576K
}
Event: 1.678 GC heap before
{Heap before GC invocations=11 (full 0):
 PSYoungGen      total 7680K, used 7678K [0x0000000795580000, 0x0000000796400000, 0x00000007c0000000)
  eden space 5120K, 100% used [0x0000000795580000,0x0000000795a80000,0x0000000795a80000)
  from space 2560K, 99% used [0x0000000795e80000,0x00000007960ffac0,0x0000000796100000)
  to   space 4096K, 0% used [0x0000000795a80000,0x0000000795a80000,0x0000000795e80000)
 ParOldGen       total 129536K, used 5519K [0x0000000740000000, 0x0000000747e80000, 0x0000000795580000)
  object space 129536K, 4% used [0x0000000740000000,0x0000000740563da0,0x0000000747e80000)
 Metaspace       used 9045K, capacity 9285K, committed 9472K, reserved 1058816K
  class space    used 969K, capacity 1021K, committed 1024K, reserved 1048576K
Event: 1.681 GC heap after
Heap after GC invocations=11 (full 0):
 PSYoungGen      total 9216K, used 64K [0x0000000795580000, 0x0000000796580000, 0x00000007c0000000)
  eden space 5120K, 0% used [0x0000000795580000,0x0000000795580000,0x0000000795a80000)
  from space 4096K, 1% used [0x0000000795a80000,0x0000000795a90000,0x0000000795e80000)
  to   space 4096K, 0% used [0x0000000796180000,0x0000000796180000,0x0000000796580000)
 ParOldGen       total 129536K, used 9126K [0x0000000740000000, 0x0000000747e80000, 0x0000000795580000)
  object space 129536K, 7% used [0x0000000740000000,0x00000007408e98b0,0x0000000747e80000)
 Metaspace       used 9045K, capacity 9285K, committed 9472K, reserved 1058816K
  class space    used 969K, capacity 1021K, committed 1024K, reserved 1048576K
}
Event: 1.729 GC heap before
{Heap before GC invocations=12 (full 0):
 PSYoungGen      total 9216K, used 5184K [0x0000000795580000, 0x0000000796580000, 0x00000007c0000000)
  eden space 5120K, 100% used [0x0000000795580000,0x0000000795a80000,0x0000000795a80000)
  from space 4096K, 1% used [0x0000000795a80000,0x0000000795a90000,0x0000000795e80000)
  to   space 4096K, 0% used [0x0000000796180000,0x0000000796180000,0x0000000796580000)
 ParOldGen       total 129536K, used 9126K [0x0000000740000000, 0x0000000747e80000, 0x0000000795580000)
  object space 129536K, 7% used [0x0000000740000000,0x00000007408e98b0,0x0000000747e80000)
 Metaspace       used 9058K, capacity 9285K, committed 9472K, reserved 1058816K
  class space    used 971K, capacity 1021K, committed 1024K, reserved 1048576K
Event: 1.732 GC heap after
Heap after GC invocations=12 (full 0):
 PSYoungGen      total 11776K, used 4018K [0x0000000795580000, 0x0000000796680000, 0x00000007c0000000)
  eden space 7680K, 0% used [0x0000000795580000,0x0000000795580000,0x0000000795d00000)
  from space 4096K, 98% used [0x0000000796180000,0x000000079656cac0,0x0000000796580000)
  to   space 4608K, 0% used [0x0000000795d00000,0x0000000795d00000,0x0000000796180000)
 ParOldGen       total 129536K, used 12052K [0x0000000740000000, 0x0000000747e80000, 0x0000000795580000)
  object space 129536K, 9% used [0x0000000740000000,0x0000000740bc50c0,0x0000000747e80000)
 Metaspace       used 9058K, capacity 9285K, committed 9472K, reserved 1058816K
  class space    used 971K, capacity 1021K, committed 1024K, reserved 1048576K
}

