# JRE version: Java(TM) SE Runtime Environment (8.0_05-b13) (build 1.8.0_05-b13)
# Java VM: Java HotSpot(TM) 64-Bit Server VM (25.5-b02 mixed mode bsd-amd64 compressed oops)
Heap:
 PSYoungGen      total 15872K, used 6102K [0x0000000795580000, 0x0000000796880000, 0x00000007c0000000)
  eden space 12288K, 33% used [0x0000000795580000,0x000000079597f680,0x0000000796180000)
  from space 3584K, 56% used [0x0000000796500000,0x00000007966f6560,0x0000000796880000)
  to   space 3584K, 0% used [0x0000000796180000,0x0000000796180000,0x0000000796500000)
 ParOldGen       total 129536K, used 8460K [0x0000000740000000, 0x0000000747e80000, 0x0000000795580000)
  object space 129536K, 6% used [0x0000000740000000,0x0000000740843070,0x0000000747e80000)
 Metaspace       used 9252K, capacity 9461K, committed 9472K, reserved 1058816K
  class space    used 973K, capacity 1021K, committed 1024K, reserved 1048576K
GC Heap History (10 events):
Event: 0.573 GC heap before
{Heap before GC invocations=6 (full 0):
 PSYoungGen      total 2560K, used 2559K [0x0000000795580000, 0x0000000795c80000, 0x00000007c0000000)
  eden space 2048K, 100% used [0x0000000795580000,0x0000000795780000,0x0000000795780000)
  from space 512K, 99% used [0x0000000795780000,0x00000007957ffc10,0x0000000795800000)
  to   space 1536K, 0% used [0x0000000795b00000,0x0000000795b00000,0x0000000795c80000)
 ParOldGen       total 129536K, used 1110K [0x0000000740000000, 0x0000000747e80000, 0x0000000795580000)
  object space 129536K, 0% used [0x0000000740000000,0x0000000740115930,0x0000000747e80000)
 Metaspace       used 6290K, capacity 6471K, committed 6656K, reserved 1056768K
  class space    used 638K, capacity 690K, committed 768K, reserved 1048576K
Event: 0.574 GC heap after
Heap after GC invocations=6 (full 0):
 PSYoungGen      total 5632K, used 967K [0x0000000795580000, 0x0000000795c80000, 0x00000007c0000000)
  eden space 4096K, 0% used [0x0000000795580000,0x0000000795580000,0x0000000795980000)
  from space 1536K, 63% used [0x0000000795b00000,0x0000000795bf1f80,0x0000000795c80000)
  to   space 1536K, 0% used [0x0000000795980000,0x0000000795980000,0x0000000795b00000)
 ParOldGen       total 129536K, used 1118K [0x0000000740000000, 0x0000000747e80000, 0x0000000795580000)
  object space 129536K, 0% used [0x0000000740000000,0x0000000740117930,0x0000000747e80000)
 Metaspace       used 6290K, capacity 6471K, committed 6656K, reserved 1056768K
  class space    used 638K, capacity 690K, committed 768K, reserved 1048576K
}
Event: 1.051 GC heap before
{Heap before GC invocations=7 (full 0):
 PSYoungGen      total 5632K, used 5063K [0x0000000795580000, 0x0000000795c80000, 0x00000007c0000000)
  eden space 4096K, 100% used [0x0000000795580000,0x0000000795980000,0x0000000795980000)
  from space 1536K, 63% used [0x0000000795b00000,0x0000000795bf1f80,0x0000000795c80000)
  to   space 1536K, 0% used [0x0000000795980000,0x0000000795980000,0x0000000795b00000)
 ParOldGen       total 129536K, used 1118K [0x0000000740000000, 0x0000000747e80000, 0x0000000795580000)
  object space 129536K, 0% used [0x0000000740000000,0x0000000740117930,0x0000000747e80000)
 Metaspace       used 6599K, capacity 6707K, committed 6912K, reserved 1056768K
  class space    used 674K, capacity 724K, committed 768K, reserved 1048576K
Event: 1.058 GC heap after
Heap after GC invocations=7 (full 0):
 PSYoungGen      total 5632K, used 1536K [0x0000000795580000, 0x0000000796280000, 0x00000007c0000000)
  eden space 4096K, 0% used [0x0000000795580000,0x0000000795580000,0x0000000795980000)
  from space 1536K, 100% used [0x0000000795980000,0x0000000795b00000,0x0000000795b00000)
  to   space 2560K, 0% used [0x0000000796000000,0x0000000796000000,0x0000000796280000)
 ParOldGen       total 129536K, used 2765K [0x0000000740000000, 0x0000000747e80000, 0x0000000795580000)
  object space 129536K, 2% used [0x0000000740000000,0x00000007402b3658,0x0000000747e80000)
 Metaspace       used 6599K, capacity 6707K, committed 6912K, reserved 1056768K
  class space    used 674K, capacity 724K, committed 768K, reserved 1048576K
}
Event: 1.258 GC heap before
{Heap before GC invocations=8 (full 0):
 PSYoungGen      total 5632K, used 5632K [0x0000000795580000, 0x0000000796280000, 0x00000007c0000000)
  eden space 4096K, 100% used [0x0000000795580000,0x0000000795980000,0x0000000795980000)
  from space 1536K, 100% used [0x0000000795980000,0x0000000795b00000,0x0000000795b00000)
  to   space 2560K, 0% used [0x0000000796000000,0x0000000796000000,0x0000000796280000)
 ParOldGen       total 129536K, used 2765K [0x0000000740000000, 0x0000000747e80000, 0x0000000795580000)
  object space 129536K, 2% used [0x0000000740000000,0x00000007402b3658,0x0000000747e80000)
 Metaspace       used 9047K, capacity 9269K, committed 9472K, reserved 1058816K
  class space    used 966K, capacity 1021K, committed 1024K, reserved 1048576K
Event: 1.265 GC heap after
Heap after GC invocations=8 (full 0):
 PSYoungGen      total 10240K, used 2548K [0x0000000795580000, 0x0000000796380000, 0x00000007c0000000)
  eden space 7680K, 0% used [0x0000000795580000,0x0000000795580000,0x0000000795d00000)
  from space 2560K, 99% used [0x0000000796000000,0x000000079627d2f8,0x0000000796280000)
  to   space 3072K, 0% used [0x0000000795d00000,0x0000000795d00000,0x0000000796000000)
 ParOldGen       total 129536K, used 5953K [0x0000000740000000, 0x0000000747e80000, 0x0000000795580000)
  object space 129536K, 4% used [0x0000000740000000,0x00000007405d0698,0x0000000747e80000)
 Metaspace       used 9047K, capacity 9269K, committed 9472K, reserved 1058816K
  class space    used 966K, capacity 1021K, committed 1024K, reserved 1048576K
}
Event: 1.342 GC heap before
{Heap before GC invocations=9 (full 0):
 PSYoungGen      total 10240K, used 10228K [0x0000000795580000, 0x0000000796380000, 0x00000007c0000000)
  eden space 7680K, 100% used [0x0000000795580000,0x0000000795d00000,0x0000000795d00000)
  from space 2560K, 99% used [0x0000000796000000,0x000000079627d2f8,0x0000000796280000)
  to   space 3072K, 0% used [0x0000000795d00000,0x0000000795d00000,0x0000000796000000)
 ParOldGen       total 129536K, used 5953K [0x0000000740000000, 0x0000000747e80000, 0x0000000795580000)
  object space 129536K, 4% used [0x0000000740000000,0x00000007405d0698,0x0000000747e80000)
 Metaspace       used 9059K, capacity 9269K, committed 9472K, reserved 1058816K
  class space    used 966K, capacity 1021K, committed 1024K, reserved 1048576K
Event: 1.346 GC heap after
Heap after GC invocations=9 (full 0):
 PSYoungGen      total 10752K, used 2228K [0x0000000795580000, 0x0000000796880000, 0x00000007c0000000)
  eden space 7680K, 0% used [0x0000000795580000,0x0000000795580000,0x0000000795d00000)
  from space 3072K, 72% used [0x0000000795d00000,0x0000000795f2d2f8,0x0000000796000000)
  to   space 3584K, 0% used [0x0000000796500000,0x0000000796500000,0x0000000796880000)
 ParOldGen       total 129536K, used 6315K [0x0000000740000000, 0x0000000747e80000, 0x0000000795580000)
  object space 129536K, 4% used [0x0000000740000000,0x000000074062ad20,0x0000000747e80000)
 Metaspace       used 9059K, capacity 9269K, committed 9472K, reserved 1058816K
  class space    used 966K, capacity 1021K, committed 1024K, reserved 1048576K
}
Event: 1.391 GC heap before
{Heap before GC invocations=10 (full 0):
 PSYoungGen      total 10752K, used 9908K [0x0000000795580000, 0x0000000796880000, 0x00000007c0000000)
  eden space 7680K, 100% used [0x0000000795580000,0x0000000795d00000,0x0000000795d00000)
  from space 3072K, 72% used [0x0000000795d00000,0x0000000795f2d2f8,0x0000000796000000)
  to   space 3584K, 0% used [0x0000000796500000,0x0000000796500000,0x0000000796880000)
 ParOldGen       total 129536K, used 6315K [0x0000000740000000, 0x0000000747e80000, 0x0000000795580000)
  object space 129536K, 4% used [0x0000000740000000,0x000000074062ad20,0x0000000747e80000)
 Metaspace       used 9072K, capacity 9269K, committed 9472K, reserved 1058816K
  class space    used 967K, capacity 1021K, committed 1024K, reserved 1048576K
Event: 1.397 GC heap after
Heap after GC invocations=10 (full 0):
 PSYoungGen      total 15872K, used 2009K [0x0000000795580000, 0x0000000796880000, 0x00000007c0000000)
  eden space 12288K, 0% used [0x0000000795580000,0x0000000795580000,0x0000000796180000)
  from space 3584K, 56% used [0x0000000796500000,0x00000007966f6560,0x0000000796880000)
  to   space 3584K, 0% used [0x0000000796180000,0x0000000796180000,0x0000000796500000)
 ParOldGen       total 129536K, used 8460K [0x0000000740000000, 0x0000000747e80000, 0x0000000795580000)
  object space 129536K, 6% used [0x0000000740000000,0x0000000740843070,0x0000000747e80000)
 Metaspace       used 9072K, capacity 9269K, committed 9472K, reserved 1058816K
  class space    used 967K, capacity 1021K, committed 1024K, reserved 1048576K
}

